[debug] [2021-10-21T04:53:37.979Z] ----------------------------------------------------------------------
[debug] [2021-10-21T04:53:37.981Z] Command:       /usr/local/bin/node /Users/franciscotochezguardado/.npm-packages/bin/firebase init
[debug] [2021-10-21T04:53:37.981Z] CLI Version:   9.20.0
[debug] [2021-10-21T04:53:37.981Z] Platform:      darwin
[debug] [2021-10-21T04:53:37.981Z] Node Version:  v14.18.1
[debug] [2021-10-21T04:53:37.982Z] Time:          Thu Oct 21 2021 00:53:37 GMT-0400 (Eastern Daylight Time)
[debug] [2021-10-21T04:53:37.982Z] ----------------------------------------------------------------------
[debug] 
[debug] [2021-10-21T04:53:37.987Z] > command requires scopes: ["email","openid","https://www.googleapis.com/auth/cloudplatformprojects.readonly","https://www.googleapis.com/auth/firebase","https://www.googleapis.com/auth/cloud-platform"]
[debug] [2021-10-21T04:53:37.987Z] > authorizing via signed-in user (inspisiavideos@gmail.com)
[info] 
     ######## #### ########  ######## ########     ###     ######  ########
     ##        ##  ##     ## ##       ##     ##  ##   ##  ##       ##
     ######    ##  ########  ######   ########  #########  ######  ######
     ##        ##  ##    ##  ##       ##     ## ##     ##       ## ##
     ##       #### ##     ## ######## ########  ##     ##  ######  ########

You're about to initialize a Firebase project in this directory:

  /Users/franciscotochezguardado/Desktop/map/tom-tom-map

[info] 
=== Project Setup
[info] 
[info] First, let's associate this project directory with a Firebase project.
[info] You can create multiple project aliases by running firebase use --add, 
[info] but for now we'll just set up a default project.
[info] 
[debug] [2021-10-21T05:00:21.048Z] > refreshing access token with scopes: []
[debug] [2021-10-21T05:00:21.049Z] >>> HTTP REQUEST POST https://www.googleapis.com/oauth2/v3/token  
 <request body omitted>
[debug] [2021-10-21T05:00:21.361Z] <<< HTTP RESPONSE 400 {"pragma":"no-cache","date":"Thu, 21 Oct 2021 05:00:21 GMT","cache-control":"no-cache, no-store, max-age=0, must-revalidate","expires":"Mon, 01 Jan 1990 00:00:00 GMT","content-type":"application/json; charset=utf-8","vary":"X-Origin, Referer, Origin,Accept-Encoding","server":"scaffolding on HTTPServer2","x-xss-protection":"0","x-frame-options":"SAMEORIGIN","x-content-type-options":"nosniff","alt-svc":"h3=\":443\"; ma=2592000,h3-29=\":443\"; ma=2592000,h3-T051=\":443\"; ma=2592000,h3-Q050=\":443\"; ma=2592000,h3-Q046=\":443\"; ma=2592000,h3-Q043=\":443\"; ma=2592000,quic=\":443\"; ma=2592000; v=\"46,43\"","accept-ranges":"none","transfer-encoding":"chunked"}
[debug] [2021-10-21T05:00:21.365Z] >>> [apiv2][query] GET https://firebase.googleapis.com/v1beta1/projects pageSize=100
[debug] [2021-10-21T05:00:21.556Z] <<< [apiv2][status] GET https://firebase.googleapis.com/v1beta1/projects 401
[debug] [2021-10-21T05:00:21.556Z] <<< [apiv2][body] GET https://firebase.googleapis.com/v1beta1/projects [omitted]
[debug] [2021-10-21T05:00:21.557Z] HTTP Error: 401, Request had invalid authentication credentials. Expected OAuth 2 access token, login cookie or other valid authentication credential. See https://developers.google.com/identity/sign-in/web/devconsole-project.
[debug] [2021-10-21T05:00:21.649Z] FirebaseError: HTTP Error: 401, Request had invalid authentication credentials. Expected OAuth 2 access token, login cookie or other valid authentication credential. See https://developers.google.com/identity/sign-in/web/devconsole-project.
    at module.exports (/Users/franciscotochezguardado/.npm-packages/lib/node_modules/firebase-tools/lib/responseToError.js:38:12)
    at Client.doRequest (/Users/franciscotochezguardado/.npm-packages/lib/node_modules/firebase-tools/lib/apiv2.js:238:23)
    at processTicksAndRejections (internal/process/task_queues.js:95:5)
    at async Client.request (/Users/franciscotochezguardado/.npm-packages/lib/node_modules/firebase-tools/lib/apiv2.js:96:20)
    at async getProjectPage (/Users/franciscotochezguardado/.npm-packages/lib/node_modules/firebase-tools/lib/management/projects.js:233:17)
    at async getFirebaseProjectPage (/Users/franciscotochezguardado/.npm-packages/lib/node_modules/firebase-tools/lib/management/projects.js:250:23)
    at async selectProjectInteractively (/Users/franciscotochezguardado/.npm-packages/lib/node_modules/firebase-tools/lib/management/projects.js:95:41)
    at async Object.doSetup [as project] (/Users/franciscotochezguardado/.npm-packages/lib/node_modules/firebase-tools/lib/init/features/project.js:87:27)
    at async init (/Users/franciscotochezguardado/.npm-packages/lib/node_modules/firebase-tools/lib/init/index.js:19:9)
[error] 
[error] Error: Failed to list Firebase projects. See firebase-debug.log for more info.
